Building DAG of jobs...
Using shell: /bin/bash
Provided cores: 1 (use --cores to define parallelism)
Rules claiming more threads will be scaled down.
Job counts:
	count	jobs
	1	community_clustering
	1	data_extraction
	1	spatial_graph_and_edge_distribution
	3
Select jobs to execute...

[Tue Nov 24 07:00:26 2020]
rule data_extraction:
    input: data/out.csv
    output: results/expression_matrix.npy, results/location_matrix.npy, results/axis_matrix.npy
    jobid: 1

[Tue Nov 24 07:00:33 2020]
Finished job 1.
1 of 3 steps (33%) done
Select jobs to execute...

[Tue Nov 24 07:00:33 2020]
rule community_clustering:
    input: results/expression_matrix.npy
    output: results/communities.npy
    jobid: 2

[Tue Nov 24 07:00:41 2020]
Finished job 2.
2 of 3 steps (67%) done
Select jobs to execute...

[Tue Nov 24 07:00:41 2020]
rule spatial_graph_and_edge_distribution:
    input: results/expression_matrix.npy, results/location_matrix.npy, results/axis_matrix.npy, results/communities.npy
    output: results/neighbor_graph.png, results/edge_distribution.png
    jobid: 0

Removing temporary output file results/axis_matrix.npy.
Removing temporary output file results/expression_matrix.npy.
Removing temporary output file results/location_matrix.npy.
Removing temporary output file results/communities.npy.
[Tue Nov 24 07:01:31 2020]
Finished job 0.
3 of 3 steps (100%) done
Complete log: /home/erlee/Cluster-Viz/.snakemake/log/2020-11-24T070026.386070.snakemake.log
