Building DAG of jobs...
Using shell: /bin/bash
Provided cores: 1 (use --cores to define parallelism)
Rules claiming more threads will be scaled down.
Job counts:
	count	jobs
	1	community_clustering
	1	spatial_graph_and_edge_distribution
	2
Select jobs to execute...

[Tue Nov 24 06:18:28 2020]
rule community_clustering:
    input: results/expression_matrix.npy
    output: results/communities.npy
    jobid: 2

[Tue Nov 24 06:18:34 2020]
Finished job 2.
1 of 2 steps (50%) done
Select jobs to execute...

[Tue Nov 24 06:18:34 2020]
rule spatial_graph_and_edge_distribution:
    input: results/expression_matrix.npy, results/location_matrix.npy, results/axis_matrix.npy, results/communities.npy
    output: results/neighbor_graph.png, results/edge_distribution.png
    jobid: 0

[Tue Nov 24 06:19:08 2020]
Finished job 0.
2 of 2 steps (100%) done
Complete log: /home/erlee/Cluster-Viz/.snakemake/log/2020-11-24T061828.602206.snakemake.log
