Building DAG of jobs...
Using shell: /bin/bash
Provided cores: 1 (use --cores to define parallelism)
Rules claiming more threads will be scaled down.
Job counts:
	count	jobs
	1	community_clustering
	1	data_extraction
	1	spatial_graph_and_edge_distribution
	3
Select jobs to execute...

[Tue Nov 24 07:14:41 2020]
rule data_extraction:
    input: data/out.csv
    output: results/expression_matrix.npy, results/location_matrix.npy, results/axis_matrix.npy
    jobid: 1

[Tue Nov 24 07:14:42 2020]
Finished job 1.
1 of 3 steps (33%) done
Select jobs to execute...

[Tue Nov 24 07:14:42 2020]
rule community_clustering:
    input: results/expression_matrix.npy
    output: results/communities.npy
    jobid: 2

[Tue Nov 24 07:14:50 2020]
Finished job 2.
2 of 3 steps (67%) done
Select jobs to execute...

[Tue Nov 24 07:14:50 2020]
rule spatial_graph_and_edge_distribution:
    input: results/expression_matrix.npy, results/location_matrix.npy, results/axis_matrix.npy, results/communities.npy, data/column_names.csv
    output: results/neighbor_graph.png, results/edge_distribution.png, results/cube.csv
    jobid: 0

[Tue Nov 24 07:15:37 2020]
Finished job 0.
3 of 3 steps (100%) done
Complete log: /home/erlee/Cluster-Viz/.snakemake/log/2020-11-24T071441.126925.snakemake.log
