Building DAG of jobs...
Using shell: /bin/bash
Provided cores: 1 (use --cores to define parallelism)
Rules claiming more threads will be scaled down.
Job counts:
	count	jobs
	1	community_clustering
	1	data_extraction
	1	hierarchical_heatmap
	1	spatial_graph_and_edge_distribution
	4
Select jobs to execute...

[Tue Nov 24 07:26:49 2020]
rule data_extraction:
    input: data/out.csv
    output: results/expression_matrix.npy, results/location_matrix.npy, results/axis_matrix.npy
    jobid: 2

[Tue Nov 24 07:26:50 2020]
Finished job 2.
1 of 4 steps (25%) done
Select jobs to execute...

[Tue Nov 24 07:26:50 2020]
rule community_clustering:
    input: results/expression_matrix.npy
    output: results/communities.npy
    jobid: 3

[Tue Nov 24 07:26:57 2020]
Finished job 3.
2 of 4 steps (50%) done
Select jobs to execute...

[Tue Nov 24 07:26:57 2020]
rule spatial_graph_and_edge_distribution:
    input: results/expression_matrix.npy, results/location_matrix.npy, results/axis_matrix.npy, results/communities.npy, data/column_names.csv
    output: results/neighbor_graph.png, results/edge_distribution.png, results/cube.csv
    jobid: 1

Removing temporary output file results/location_matrix.npy.
Removing temporary output file results/expression_matrix.npy.
Removing temporary output file results/axis_matrix.npy.
[Tue Nov 24 07:27:43 2020]
Finished job 1.
3 of 4 steps (75%) done
Select jobs to execute...

[Tue Nov 24 07:27:43 2020]
rule hierarchical_heatmap:
    input: results/cube.csv, results/communities.npy
    output: results/heatmap.png
    jobid: 0

Removing temporary output file results/cube.csv.
Removing temporary output file results/communities.npy.
[Tue Nov 24 07:27:46 2020]
Finished job 0.
4 of 4 steps (100%) done
Complete log: /home/erlee/Cluster-Viz/.snakemake/log/2020-11-24T072649.370228.snakemake.log
