Building DAG of jobs...
Using shell: /bin/bash
Provided cores: 1 (use --cores to define parallelism)
Rules claiming more threads will be scaled down.
Job counts:
	count	jobs
	1	community_clustering
	1	data_extraction
	1	spatial_graph
	3
Select jobs to execute...

[Mon Nov 23 22:33:22 2020]
rule data_extraction:
    input: data/out.csv
    output: results/expression_matrix.npy, results/location_matrix.npy, results/axis_matrix.npy
    jobid: 1

[Mon Nov 23 22:33:23 2020]
Finished job 1.
1 of 3 steps (33%) done
Select jobs to execute...

[Mon Nov 23 22:33:23 2020]
rule community_clustering:
    input: results/expression_matrix.npy
    output: results/communities.npy
    jobid: 2

[Mon Nov 23 22:33:30 2020]
Finished job 2.
2 of 3 steps (67%) done
Select jobs to execute...

[Mon Nov 23 22:33:30 2020]
rule spatial_graph:
    input: results/expression_matrix.npy, results/location_matrix.npy, results/axis_matrix.npy, results/communities.npy
    output: results/nb_IMC.png
    jobid: 0

[Mon Nov 23 22:36:55 2020]
Finished job 0.
3 of 3 steps (100%) done
Complete log: /home/erlee/Cluster-Viz/.snakemake/log/2020-11-23T223322.704303.snakemake.log
